Build started 20/01/2016 22:17:34.
     1>Project "C:\Users\Diego\Documents\GitHub\Studies\C++\OpenCV\OpenCV\OpenCV.vcxproj" on node 2 (Build target(s)).
     1>ClCompile:
         C:\Program Files (x86)\Microsoft Visual Studio 14.0\VC\bin\CL.exe /c /ZI /nologo /W3 /WX- /sdl /Od /Oy- /D WIN32 /D _DEBUG /D _CONSOLE /D _UNICODE /D UNICODE /Gm /EHsc /RTC1 /MDd /GS /fp:precise /Zc:wchar_t /Zc:forScope /Zc:inline /Fo"Debug\\" /Fd"Debug\vc140.pdb" /Gd /TP /analyze- /errorReport:prompt Simple.cpp
         Simple.cpp
       Link:
         C:\Program Files (x86)\Microsoft Visual Studio 14.0\VC\bin\link.exe /ERRORREPORT:PROMPT /OUT:"C:\Users\Diego\Documents\GitHub\Studies\C++\OpenCV\Debug\OpenCV.exe" /INCREMENTAL /NOLOGO kernel32.lib user32.lib gdi32.lib winspool.lib comdlg32.lib advapi32.lib shell32.lib ole32.lib oleaut32.lib uuid.lib odbc32.lib odbccp32.lib /MANIFEST /MANIFESTUAC:"level='asInvoker' uiAccess='false'" /manifest:embed /Debug /PDB:"C:\Users\Diego\Documents\GitHub\Studies\C++\OpenCV\Debug\OpenCV.pdb" /SUBSYSTEM:CONSOLE /TLBID:1 /DYNAMICBASE /NXCOMPAT /IMPLIB:"C:\Users\Diego\Documents\GitHub\Studies\C++\OpenCV\Debug\OpenCV.lib" /MACHINE:X86 Debug\Simple.obj
     1>Simple.obj : error LNK2019: unresolved external symbol "void __cdecl cv::fastFree(void *)" (?fastFree@cv@@YAXPAX@Z) referenced in function "public: __thiscall cv::Mat::~Mat(void)" (??1Mat@cv@@QAE@XZ)
     1>Simple.obj : error LNK2019: unresolved external symbol "private: char * __thiscall cv::String::allocate(unsigned int)" (?allocate@String@cv@@AAEPADI@Z) referenced in function "public: __thiscall cv::String::String(char const *)" (??0String@cv@@QAE@PBD@Z)
     1>Simple.obj : error LNK2019: unresolved external symbol "private: void __thiscall cv::String::deallocate(void)" (?deallocate@String@cv@@AAEXXZ) referenced in function "public: __thiscall cv::String::~String(void)" (??1String@cv@@QAE@XZ)
     1>Simple.obj : error LNK2019: unresolved external symbol "void __cdecl cv::error(int,class cv::String const &,char const *,char const *,int)" (?error@cv@@YAXHABVString@1@PBD1H@Z) referenced in function "public: float & __thiscall cv::Mat::at<float>(int)" (??$at@M@Mat@cv@@QAEAAMH@Z)
     1>Simple.obj : error LNK2019: unresolved external symbol "class cv::_InputOutputArray const & __cdecl cv::noArray(void)" (?noArray@cv@@YAABV_InputOutputArray@1@XZ) referenced in function "class cv::Mat & __cdecl cv::operator&=(class cv::Mat &,class cv::Mat const &)" (??_4cv@@YAAAVMat@0@AAV10@ABV10@@Z)
     1>Simple.obj : error LNK2019: unresolved external symbol "public: __thiscall cv::Mat::Mat(class cv::Mat const &,class cv::Rect_<int> const &)" (??0Mat@cv@@QAE@ABV01@ABV?$Rect_@H@1@@Z) referenced in function _main
     1>Simple.obj : error LNK2019: unresolved external symbol "public: void __thiscall cv::Mat::copyTo(class cv::_OutputArray const &)const " (?copyTo@Mat@cv@@QBEXABV_OutputArray@2@@Z) referenced in function _main
     1>Simple.obj : error LNK2019: unresolved external symbol "public: class cv::Mat & __thiscall cv::Mat::operator=(class cv::Scalar_<double> const &)" (??4Mat@cv@@QAEAAV01@ABV?$Scalar_@N@1@@Z) referenced in function _main
     1>Simple.obj : error LNK2019: unresolved external symbol "public: static class cv::MatExpr __cdecl cv::Mat::zeros(int,int,int)" (?zeros@Mat@cv@@SA?AVMatExpr@2@HHH@Z) referenced in function _main
     1>Simple.obj : error LNK2019: unresolved external symbol "public: void __thiscall cv::Mat::create(int,int const *,int)" (?create@Mat@cv@@QAEXHPBHH@Z) referenced in function "public: void __thiscall cv::Mat::create(int,int,int)" (?create@Mat@cv@@QAEXHHH@Z)
     1>Simple.obj : error LNK2019: unresolved external symbol "public: void __thiscall cv::Mat::deallocate(void)" (?deallocate@Mat@cv@@QAEXXZ) referenced in function "public: void __thiscall cv::Mat::release(void)" (?release@Mat@cv@@QAEXXZ)
     1>Simple.obj : error LNK2019: unresolved external symbol "public: void __thiscall cv::Mat::copySize(class cv::Mat const &)" (?copySize@Mat@cv@@QAEXABV12@@Z) referenced in function "public: __thiscall cv::Mat::Mat(class cv::Mat const &)" (??0Mat@cv@@QAE@ABV01@@Z)
     1>Simple.obj : error LNK2019: unresolved external symbol "void __cdecl cv::normalize(class cv::_InputArray const &,class cv::_InputOutputArray const &,double,double,int,int,class cv::_InputArray const &)" (?normalize@cv@@YAXABV_InputArray@1@ABV_InputOutputArray@1@NNHH0@Z) referenced in function _main
     1>Simple.obj : error LNK2019: unresolved external symbol "void __cdecl cv::mixChannels(class cv::Mat const *,unsigned int,class cv::Mat *,unsigned int,int const *,unsigned int)" (?mixChannels@cv@@YAXPBVMat@1@IPAV21@IPBHI@Z) referenced in function _main
     1>Simple.obj : error LNK2019: unresolved external symbol "void __cdecl cv::bitwise_and(class cv::_InputArray const &,class cv::_InputArray const &,class cv::_OutputArray const &,class cv::_InputArray const &)" (?bitwise_and@cv@@YAXABV_InputArray@1@0ABV_OutputArray@1@0@Z) referenced in function "class cv::Mat & __cdecl cv::operator&=(class cv::Mat &,class cv::Mat const &)" (??_4cv@@YAAAVMat@0@AAV10@ABV10@@Z)
     1>Simple.obj : error LNK2019: unresolved external symbol "void __cdecl cv::bitwise_not(class cv::_InputArray const &,class cv::_OutputArray const &,class cv::_InputArray const &)" (?bitwise_not@cv@@YAXABV_InputArray@1@ABV_OutputArray@1@0@Z) referenced in function _main
     1>Simple.obj : error LNK2019: unresolved external symbol "void __cdecl cv::inRange(class cv::_InputArray const &,class cv::_InputArray const &,class cv::_InputArray const &,class cv::_OutputArray const &)" (?inRange@cv@@YAXABV_InputArray@1@00ABV_OutputArray@1@@Z) referenced in function _main
     1>Simple.obj : error LNK2019: unresolved external symbol "public: __thiscall cv::CommandLineParser::CommandLineParser(int,char const * const * const,class cv::String const &)" (??0CommandLineParser@cv@@QAE@HQBQBDABVString@1@@Z) referenced in function _main
     1>Simple.obj : error LNK2019: unresolved external symbol "public: __thiscall cv::CommandLineParser::~CommandLineParser(void)" (??1CommandLineParser@cv@@QAE@XZ) referenced in function _main
     1>Simple.obj : error LNK2019: unresolved external symbol "public: void __thiscall cv::CommandLineParser::printMessage(void)const " (?printMessage@CommandLineParser@cv@@QBEXXZ) referenced in function _main
     1>Simple.obj : error LNK2019: unresolved external symbol "protected: void __thiscall cv::CommandLineParser::getByIndex(int,bool,int,void *)const " (?getByIndex@CommandLineParser@cv@@IBEXH_NHPAX@Z) referenced in function "public: int __thiscall cv::CommandLineParser::get<int>(int,bool)const " (??$get@H@CommandLineParser@cv@@QBEHH_N@Z)
     1>Simple.obj : error LNK2019: unresolved external symbol "void __cdecl cv::calcHist(class cv::Mat const *,int,int const *,class cv::_InputArray const &,class cv::_OutputArray const &,int,int const *,float const * *,bool,bool)" (?calcHist@cv@@YAXPBVMat@1@HPBHABV_InputArray@1@ABV_OutputArray@1@H1PAPBM_N5@Z) referenced in function _main
     1>Simple.obj : error LNK2019: unresolved external symbol "void __cdecl cv::calcBackProject(class cv::Mat const *,int,int const *,class cv::_InputArray const &,class cv::_OutputArray const &,float const * *,double,bool)" (?calcBackProject@cv@@YAXPBVMat@1@HPBHABV_InputArray@1@ABV_OutputArray@1@PAPBMN_N@Z) referenced in function _main
     1>Simple.obj : error LNK2019: unresolved external symbol "void __cdecl cv::cvtColor(class cv::_InputArray const &,class cv::_OutputArray const &,int,int)" (?cvtColor@cv@@YAXABV_InputArray@1@ABV_OutputArray@1@HH@Z) referenced in function _main
     1>Simple.obj : error LNK2019: unresolved external symbol "void __cdecl cv::rectangle(class cv::_InputOutputArray const &,class cv::Point_<int>,class cv::Point_<int>,class cv::Scalar_<double> const &,int,int,int)" (?rectangle@cv@@YAXABV_InputOutputArray@1@V?$Point_@H@1@1ABV?$Scalar_@N@1@HHH@Z) referenced in function _main
     1>Simple.obj : error LNK2019: unresolved external symbol "void __cdecl cv::ellipse(class cv::_InputOutputArray const &,class cv::RotatedRect const &,class cv::Scalar_<double> const &,int,int)" (?ellipse@cv@@YAXABV_InputOutputArray@1@ABVRotatedRect@1@ABV?$Scalar_@N@1@HH@Z) referenced in function _main
     1>Simple.obj : error LNK2019: unresolved external symbol "class cv::RotatedRect __cdecl cv::CamShift(class cv::_InputArray const &,class cv::Rect_<int> &,class cv::TermCriteria)" (?CamShift@cv@@YA?AVRotatedRect@1@ABV_InputArray@1@AAV?$Rect_@H@1@VTermCriteria@1@@Z) referenced in function _main
     1>Simple.obj : error LNK2019: unresolved external symbol "public: __thiscall cv::VideoCapture::VideoCapture(void)" (??0VideoCapture@cv@@QAE@XZ) referenced in function _main
     1>Simple.obj : error LNK2019: unresolved external symbol "public: virtual __thiscall cv::VideoCapture::~VideoCapture(void)" (??1VideoCapture@cv@@UAE@XZ) referenced in function _main
     1>Simple.obj : error LNK2019: unresolved external symbol "public: virtual bool __thiscall cv::VideoCapture::open(int)" (?open@VideoCapture@cv@@UAE_NH@Z) referenced in function _main
     1>Simple.obj : error LNK2019: unresolved external symbol "public: virtual bool __thiscall cv::VideoCapture::isOpened(void)const " (?isOpened@VideoCapture@cv@@UBE_NXZ) referenced in function _main
     1>Simple.obj : error LNK2019: unresolved external symbol "void __cdecl cv::namedWindow(class cv::String const &,int)" (?namedWindow@cv@@YAXABVString@1@H@Z) referenced in function _main
     1>Simple.obj : error LNK2019: unresolved external symbol "void __cdecl cv::destroyWindow(class cv::String const &)" (?destroyWindow@cv@@YAXABVString@1@@Z) referenced in function _main
     1>Simple.obj : error LNK2019: unresolved external symbol "int __cdecl cv::waitKey(int)" (?waitKey@cv@@YAHH@Z) referenced in function _main
     1>Simple.obj : error LNK2019: unresolved external symbol "void __cdecl cv::imshow(class cv::String const &,class cv::_InputArray const &)" (?imshow@cv@@YAXABVString@1@ABV_InputArray@1@@Z) referenced in function _main
     1>Simple.obj : error LNK2019: unresolved external symbol "void __cdecl cv::setMouseCallback(class cv::String const &,void (__cdecl*)(int,int,int,int,void *),void *)" (?setMouseCallback@cv@@YAXABVString@1@P6AXHHHHPAX@Z1@Z) referenced in function _main
     1>Simple.obj : error LNK2019: unresolved external symbol "int __cdecl cv::createTrackbar(class cv::String const &,class cv::String const &,int *,int,void (__cdecl*)(int,void *),void *)" (?createTrackbar@cv@@YAHABVString@1@0PAHHP6AXHPAX@Z2@Z) referenced in function _main
     1>C:\Users\Diego\Documents\GitHub\Studies\C++\OpenCV\Debug\OpenCV.exe : fatal error LNK1120: 37 unresolved externals
     1>Done Building Project "C:\Users\Diego\Documents\GitHub\Studies\C++\OpenCV\OpenCV\OpenCV.vcxproj" (Build target(s)) -- FAILED.

Build FAILED.

Time Elapsed 00:00:07.73
